<?xml version="1.0" encoding="UTF-8" ?>
<testsuite tests="50" failures="0" name="TestSuite" time="0.017" errors="0" skipped="0">
  <properties>
[...]
</properties>
  <testcase classname="objects.CoinTest" name="getCurrentEnteredQuantity1" time="0.001"/>
  <testcase classname="objects.CoinTest" name="getCurrentEnteredQuantity2" time="0"/>
  <testcase classname="objects.CoinTest" name="getCurrentEnteredTotalValue1" time="0"/>
  <testcase classname="objects.CoinTest" name="getCurrentEnteredTotalValue2" time="0"/>
  <testcase classname="objects.CoinTest" name="saveCurrentEnteredValue1" time="0"/>
  <testcase classname="objects.CoinTest" name="saveCurrentEnteredValue2" time="0"/>
  <testcase classname="objects.CoinTest" name="getTotalValueAfterOneCoinEntered" time="0"/>
  <testcase classname="objects.CoinTest" name="setWeight" time="0"/>
  <testcase classname="objects.CoinTest" name="setQuantity" time="0"/>
  <testcase classname="objects.CoinTest" name="getQuantity" time="0"/>
  <testcase classname="objects.CoinTest" name="enterOneFiveCentsCoin" time="0"/>
  <testcase classname="objects.CoinTest" name="getWeight" time="0"/>
  <testcase classname="objects.CoinTest" name="getTotalValueWithZeroCoin" time="0"/>
  <testcase classname="objects.CoinTest" name="setCurrentEnteredQuantity" time="0"/>
  <testcase classname="objects.CoinTest" name="setCoinName" time="0"/>
  <testcase classname="objects.CoinTest" name="getCoinName" time="0"/>
  <testcase classname="objects.DoorTest" name="isOpen" time="0"/>
  <testcase classname="objects.DoorTest" name="setDoorStatus" time="0"/>
  <testcase classname="objects.DrinkTest" name="getName" time="0"/>
  <testcase classname="objects.DrinkTest" name="setPrice" time="0"/>
  <testcase classname="objects.DrinkTest" name="getPrice" time="0"/>
  <testcase classname="objects.DrinkTest" name="setName" time="0"/>
  <testcase classname="objects.SlotTest" name="getName" time="0"/>
  <testcase classname="objects.SlotTest" name="getId" time="0"/>
  <testcase classname="objects.SlotTest" name="getQuantity" time="0"/>
  <testcase classname="objects.SlotTest" name="setPrice" time="0"/>
  <testcase classname="objects.SlotTest" name="getDrink" time="0"/>
  <testcase classname="objects.SlotTest" name="getPrice" time="0"/>
  <testcase classname="objects.SlotTest" name="setName" time="0"/>
  <testcase classname="objects.SlotTest" name="setQuantityToZero" time="0"/>
  <testcase classname="objects.MachineTest" name="collectALlCash" time="0"/>
  <testcase classname="objects.MachineTest" name="getMoneyType" time="0"/>
  <testcase classname="objects.MachineTest" name="getCoinByNameFiveCents" time="0"/>
  <testcase classname="objects.MachineTest" name="getCurrentEnteredMoneyEnterOneFiveCents" time="0"/>
  <testcase classname="objects.MachineTest" name="getCurrentEnteredMoney" time="0.001"/>
  <testcase classname="objects.MachineTest" name="setPassword" time="0"/>
  <testcase classname="objects.MachineTest" name="getPassword" time="0"/>
  <testcase classname="objects.MachineTest" name="getTotalCash" time="0"/>
  <testcase classname="objects.MachineTest" name="getDoor" time="0"/>
  <testcase classname="objects.MachineTest" name="setAuthorization" time="0"/>
  <testcase classname="objects.MachineTest" name="getSlotById" time="0"/>
  <testcase classname="objects.MachineTest" name="collectALlCashEnterOneFiveCents" time="0"/>
  <testcase classname="objects.MachineTest" name="getAuthorization" time="0"/>
  <testcase classname="objects.MachineTest" name="saveCurrentMoneyEnterTwoFiftyCents" time="0"/>
  <testcase classname="objects.MachineTest" name="getCoins" time="0"/>
  <testcase classname="objects.MachineTest" name="getSlots" time="0"/>
  <testcase classname="objects.MachineTest" name="getTotalCashEnterTwoFiveCents" time="0"/>
  <testcase classname="objects.MachineTest" name="saveCurrentMoneyEnterOneFiveCents" time="0"/>
  <testcase classname="util.JsonMachineConverterTest" name="machineObjectToJson" time="0.004"/>
  <testcase classname="util.JsonMachineConverterTest" name="jsonToMachineObject" time="0.001"/>
</testsuite>