<?xml version="1.0" encoding="UTF-8" ?>
<testsuite tests="10" failures="0" name="observer.ObservableTest" time="0.034" errors="0" skipped="0">
  <properties>
[...]
</properties>
  <testcase classname="observer.ObservableTest" name="clearChange" time="0.013"/>
  <testcase classname="observer.ObservableTest" name="addNullObserver" time="0"/>
  <testcase classname="observer.ObservableTest" name="deleteObserver" time="0"/>
  <testcase classname="observer.ObservableTest" name="hasChanged" time="0"/>
  <testcase classname="observer.ObservableTest" name="addObserver" time="0"/>
  <testcase classname="observer.ObservableTest" name="setChanged" time="0"/>
  <testcase classname="observer.ObservableTest" name="notifyCoinObservers" time="0.012"/>
  <testcase classname="observer.ObservableTest" name="notifySlotObservers" time="0.001"/>
  <testcase classname="observer.ObservableTest" name="notifyAuthorizationObservers" time="0.001"/>
  <testcase classname="observer.ObservableTest" name="notifyDoorObservers" time="0.001"/>
</testsuite>